1623240899343	geckodriver	INFO	Listening on 127.0.0.1:60519
1623240899348	mozrunner::runner	INFO	Running command: "/usr/bin/firefox" "--marionette" "-foreground" "-no-remote" "-profile" "/tmp/rust_mozprofileuqjOH0"
1623240900478	Marionette	INFO	Marionette enabled
console.warn: SearchSettings: "get: No settings file exists, new profile?" (new NotFoundError("Could not open the file at /tmp/rust_mozprofileuqjOH0/search.json.mozlz4", (void 0)))
1623240901786	Marionette	INFO	Listening on port 37971
1623240901899	Marionette	WARN	TLS certificate errors will be ignored for this session
1623240902530	geckodriver	INFO	Listening on 127.0.0.1:59273
1623240902534	mozrunner::runner	INFO	Running command: "/usr/bin/firefox" "--marionette" "-foreground" "-no-remote" "-profile" "/tmp/rust_mozprofileCSnIol"
1623240903037	Marionette	INFO	Marionette enabled
console.warn: SearchSettings: "get: No settings file exists, new profile?" (new NotFoundError("Could not open the file at /tmp/rust_mozprofileCSnIol/search.json.mozlz4", (void 0)))
1623240904340	Marionette	INFO	Listening on port 41413
1623240904479	Marionette	WARN	TLS certificate errors will be ignored for this session
1623240916155	Marionette	INFO	Stopped listening on port 41413
1623240918174	Marionette	INFO	Stopped listening on port 37971

###!!! [Parent][RunMessage] Error: Channel closing: too late to send/recv, messages will be lost

1623240987538	geckodriver	INFO	Listening on 127.0.0.1:42713
1623240988541	mozrunner::runner	INFO	Running command: "/usr/bin/firefox" "--marionette" "-foreground" "-no-remote" "-profile" "/tmp/rust_mozprofileIQMif7"
1623240989486	Marionette	INFO	Marionette enabled
console.warn: SearchSettings: "get: No settings file exists, new profile?" (new NotFoundError("Could not open the file at /tmp/rust_mozprofileIQMif7/search.json.mozlz4", (void 0)))
1623240990812	Marionette	INFO	Listening on port 44103
1623240990891	Marionette	WARN	TLS certificate errors will be ignored for this session
1623241005603	Marionette	INFO	Stopped listening on port 44103
1623241098201	geckodriver	INFO	Listening on 127.0.0.1:57635
1623241099209	mozrunner::runner	INFO	Running command: "/usr/bin/firefox" "--marionette" "-foreground" "-no-remote" "-profile" "/tmp/rust_mozprofilezclsrT"
1623241099569	Marionette	INFO	Marionette enabled
console.warn: SearchSettings: "get: No settings file exists, new profile?" (new NotFoundError("Could not open the file at /tmp/rust_mozprofilezclsrT/search.json.mozlz4", (void 0)))
1623241100626	Marionette	INFO	Listening on port 46777
1623241100741	Marionette	WARN	TLS certificate errors will be ignored for this session
1623241115250	Marionette	INFO	Stopped listening on port 46777
1623241160777	geckodriver	INFO	Listening on 127.0.0.1:59845
1623241161783	mozrunner::runner	INFO	Running command: "/usr/bin/firefox" "--marionette" "-foreground" "-no-remote" "-profile" "/tmp/rust_mozprofileGKCKxZ"
1623241162193	Marionette	INFO	Marionette enabled
console.warn: SearchSettings: "get: No settings file exists, new profile?" (new NotFoundError("Could not open the file at /tmp/rust_mozprofileGKCKxZ/search.json.mozlz4", (void 0)))
1623241163417	Marionette	INFO	Listening on port 33299
1623241163502	Marionette	WARN	TLS certificate errors will be ignored for this session
1623241177540	Marionette	INFO	Stopped listening on port 33299
1623241225870	geckodriver	INFO	Listening on 127.0.0.1:38453
1623241226873	mozrunner::runner	INFO	Running command: "/usr/bin/firefox" "--marionette" "-foreground" "-no-remote" "-profile" "/tmp/rust_mozprofileKqDvxI"
1623241227268	Marionette	INFO	Marionette enabled
console.warn: SearchSettings: "get: No settings file exists, new profile?" (new NotFoundError("Could not open the file at /tmp/rust_mozprofileKqDvxI/search.json.mozlz4", (void 0)))
1623241228348	Marionette	INFO	Listening on port 46333
1623241228387	Marionette	WARN	TLS certificate errors will be ignored for this session
1623241242238	Marionette	INFO	Stopped listening on port 46333

###!!! [Parent][RunMessage] Error: Channel closing: too late to send/recv, messages will be lost

1623241285374	geckodriver	INFO	Listening on 127.0.0.1:51197
1623241286385	mozrunner::runner	INFO	Running command: "/usr/bin/firefox" "--marionette" "-foreground" "-no-remote" "-profile" "/tmp/rust_mozprofileJAyvU0"
1623241286755	Marionette	INFO	Marionette enabled
console.warn: SearchSettings: "get: No settings file exists, new profile?" (new NotFoundError("Could not open the file at /tmp/rust_mozprofileJAyvU0/search.json.mozlz4", (void 0)))
1623241287774	Marionette	INFO	Listening on port 44201
1623241287824	Marionette	WARN	TLS certificate errors will be ignored for this session
1623241300580	Marionette	INFO	Stopped listening on port 44201
1623241586560	geckodriver	INFO	Listening on 127.0.0.1:35185
1623241587565	mozrunner::runner	INFO	Running command: "/usr/bin/firefox" "--marionette" "-foreground" "-no-remote" "-profile" "/tmp/rust_mozprofileySJySS"
1623241588820	Marionette	INFO	Marionette enabled
console.warn: SearchSettings: "get: No settings file exists, new profile?" (new NotFoundError("Could not open the file at /tmp/rust_mozprofileySJySS/search.json.mozlz4", (void 0)))
1623241590211	Marionette	INFO	Listening on port 40271
1623241590285	Marionette	WARN	TLS certificate errors will be ignored for this session
1623241602971	Marionette	INFO	Stopped listening on port 40271

###!!! [Parent][RunMessage] Error: Channel closing: too late to send/recv, messages will be lost

1623241625280	geckodriver	INFO	Listening on 127.0.0.1:35509
1623241626290	mozrunner::runner	INFO	Running command: "/usr/bin/firefox" "--marionette" "-foreground" "-no-remote" "-profile" "/tmp/rust_mozprofileHN6MDa"
1623241626839	Marionette	INFO	Marionette enabled
console.warn: SearchSettings: "get: No settings file exists, new profile?" (new NotFoundError("Could not open the file at /tmp/rust_mozprofileHN6MDa/search.json.mozlz4", (void 0)))
1623241628043	Marionette	INFO	Listening on port 43571
1623241628107	Marionette	WARN	TLS certificate errors will be ignored for this session
1623241640843	Marionette	INFO	Stopped listening on port 43571

###!!! [Parent][RunMessage] Error: Channel closing: too late to send/recv, messages will be lost

1623241872551	geckodriver	INFO	Listening on 127.0.0.1:52451
1623241873555	mozrunner::runner	INFO	Running command: "/usr/bin/firefox" "--marionette" "-foreground" "-no-remote" "-profile" "/tmp/rust_mozprofileOWF1Mg"
1623241873914	Marionette	INFO	Marionette enabled
console.warn: SearchSettings: "get: No settings file exists, new profile?" (new NotFoundError("Could not open the file at /tmp/rust_mozprofileOWF1Mg/search.json.mozlz4", (void 0)))
1623241874868	Marionette	INFO	Listening on port 35699
1623241874973	Marionette	WARN	TLS certificate errors will be ignored for this session
1623241887973	Marionette	INFO	Stopped listening on port 35699

###!!! [Parent][RunMessage] Error: Channel closing: too late to send/recv, messages will be lost

1623242075231	geckodriver	INFO	Listening on 127.0.0.1:33385
1623242076238	mozrunner::runner	INFO	Running command: "/usr/bin/firefox" "--marionette" "-foreground" "-no-remote" "-profile" "/tmp/rust_mozprofileVUHueF"
1623242076608	Marionette	INFO	Marionette enabled
console.warn: SearchSettings: "get: No settings file exists, new profile?" (new NotFoundError("Could not open the file at /tmp/rust_mozprofileVUHueF/search.json.mozlz4", (void 0)))
1623242077775	Marionette	INFO	Listening on port 36341
1623242077879	Marionette	WARN	TLS certificate errors will be ignored for this session
1623242090567	Marionette	INFO	Stopped listening on port 36341

###!!! [Parent][RunMessage] Error: Channel closing: too late to send/recv, messages will be lost

1623242201482	geckodriver	INFO	Listening on 127.0.0.1:47857
1623242202493	mozrunner::runner	INFO	Running command: "/usr/bin/firefox" "--marionette" "-foreground" "-no-remote" "-profile" "/tmp/rust_mozprofile6gvZ63"
1623242203429	Marionette	INFO	Marionette enabled
console.warn: SearchSettings: "get: No settings file exists, new profile?" (new NotFoundError("Could not open the file at /tmp/rust_mozprofile6gvZ63/search.json.mozlz4", (void 0)))
1623242204762	Marionette	INFO	Listening on port 35907
1623242204813	Marionette	WARN	TLS certificate errors will be ignored for this session
1623242217504	Marionette	INFO	Stopped listening on port 35907

###!!! [Parent][RunMessage] Error: Channel closing: too late to send/recv, messages will be lost

1623242414439	geckodriver	INFO	Listening on 127.0.0.1:60917
1623242414442	mozrunner::runner	INFO	Running command: "/usr/bin/firefox" "--marionette" "-foreground" "-no-remote" "-profile" "/tmp/rust_mozprofilemLEta6"
1623242415345	Marionette	INFO	Marionette enabled
console.warn: SearchSettings: "get: No settings file exists, new profile?" (new NotFoundError("Could not open the file at /tmp/rust_mozprofilemLEta6/search.json.mozlz4", (void 0)))
1623242416489	Marionette	INFO	Listening on port 37547
1623242416560	Marionette	WARN	TLS certificate errors will be ignored for this session
1623242429648	Marionette	INFO	Stopped listening on port 37547
1623242719373	geckodriver	INFO	Listening on 127.0.0.1:55063
1623242719376	mozrunner::runner	INFO	Running command: "/usr/bin/firefox" "--marionette" "-foreground" "-no-remote" "-profile" "/tmp/rust_mozprofile0qBKOb"
1623242719791	Marionette	INFO	Marionette enabled
console.warn: SearchSettings: "get: No settings file exists, new profile?" (new NotFoundError("Could not open the file at /tmp/rust_mozprofile0qBKOb/search.json.mozlz4", (void 0)))
1623242720948	Marionette	INFO	Listening on port 44601
1623242720990	Marionette	WARN	TLS certificate errors will be ignored for this session
1623242734513	Marionette	INFO	Stopped listening on port 44601

###!!! [Parent][RunMessage] Error: Channel closing: too late to send/recv, messages will be lost

1623243342059	geckodriver	INFO	Listening on 127.0.0.1:48891
1623243342062	mozrunner::runner	INFO	Running command: "/usr/bin/firefox" "--marionette" "-foreground" "-no-remote" "-profile" "/tmp/rust_mozprofileEQTpi5"
1623243342478	Marionette	INFO	Marionette enabled
console.warn: SearchSettings: "get: No settings file exists, new profile?" (new NotFoundError("Could not open the file at /tmp/rust_mozprofileEQTpi5/search.json.mozlz4", (void 0)))
1623243343474	Marionette	INFO	Listening on port 42577
1623243343594	Marionette	WARN	TLS certificate errors will be ignored for this session
1623243358167	Marionette	INFO	Stopped listening on port 42577

###!!! [Parent][RunMessage] Error: Channel closing: too late to send/recv, messages will be lost

1623243365135	geckodriver	INFO	Listening on 127.0.0.1:36655
1623243366145	mozrunner::runner	INFO	Running command: "/usr/bin/firefox" "--marionette" "-foreground" "-no-remote" "-profile" "/tmp/rust_mozprofileQZCiyy"
1623243366552	Marionette	INFO	Marionette enabled
console.warn: SearchSettings: "get: No settings file exists, new profile?" (new NotFoundError("Could not open the file at /tmp/rust_mozprofileQZCiyy/search.json.mozlz4", (void 0)))
1623243367496	Marionette	INFO	Listening on port 41845
1623243367561	Marionette	WARN	TLS certificate errors will be ignored for this session
1623243380337	Marionette	INFO	Stopped listening on port 41845

###!!! [Parent][RunMessage] Error: Channel closing: too late to send/recv, messages will be lost

1623245671618	geckodriver	INFO	Listening on 127.0.0.1:54599
1623245672628	mozrunner::runner	INFO	Running command: "/usr/bin/firefox" "--marionette" "-foreground" "-no-remote" "-profile" "/tmp/rust_mozprofileYBDR4f"
1623245673025	Marionette	INFO	Marionette enabled
console.warn: SearchSettings: "get: No settings file exists, new profile?" (new NotFoundError("Could not open the file at /tmp/rust_mozprofileYBDR4f/search.json.mozlz4", (void 0)))
1623245674153	Marionette	INFO	Listening on port 39653
1623245674243	Marionette	WARN	TLS certificate errors will be ignored for this session
1623245742258	Marionette	INFO	Stopped listening on port 39653

###!!! [Parent][RunMessage] Error: Channel closing: too late to send/recv, messages will be lost

1623245920207	geckodriver	INFO	Listening on 127.0.0.1:33039
1623245921215	mozrunner::runner	INFO	Running command: "/usr/bin/firefox" "--marionette" "--headless" "-foreground" "-no-remote" "-profile" "/tmp/rust_mozprofile7Q7rIN"
*** You are running in headless mode.
1623245921501	Marionette	INFO	Marionette enabled
[GFX1-]: RenderCompositorSWGL failed mapping default framebuffer, no dt
[GFX1-]: RenderCompositorSWGL failed mapping default framebuffer, no dt
console.warn: SearchSettings: "get: No settings file exists, new profile?" (new NotFoundError("Could not open the file at /tmp/rust_mozprofile7Q7rIN/search.json.mozlz4", (void 0)))
[GFX1-]: RenderCompositorSWGL failed mapping default framebuffer, no dt
[GFX1-]: RenderCompositorSWGL failed mapping default framebuffer, no dt
[GFX1-]: RenderCompositorSWGL failed mapping default framebuffer, no dt
[GFX1-]: RenderCompositorSWGL failed mapping default framebuffer, no dt
1623245922479	Marionette	INFO	Listening on port 42061
[GFX1-]: RenderCompositorSWGL failed mapping default framebuffer, no dt
1623245922531	Marionette	WARN	TLS certificate errors will be ignored for this session
[GFX1-]: RenderCompositorSWGL failed mapping default framebuffer, no dt
[GFX1-]: RenderCompositorSWGL failed mapping default framebuffer, no dt
[GFX1-]: RenderCompositorSWGL failed mapping default framebuffer, no dt
[GFX1-]: RenderCompositorSWGL failed mapping default framebuffer, no dt
[GFX1-]: RenderCompositorSWGL failed mapping default framebuffer, no dt
[GFX1-]: RenderCompositorSWGL failed mapping default framebuffer, no dt
[GFX1-]: RenderCompositorSWGL failed mapping default framebuffer, no dt
[GFX1-]: RenderCompositorSWGL failed mapping default framebuffer, no dt
[GFX1-]: RenderCompositorSWGL failed mapping default framebuffer, no dt
[GFX1-]: RenderCompositorSWGL failed mapping default framebuffer, no dt
[GFX1-]: RenderCompositorSWGL failed mapping default framebuffer, no dt
[GFX1-]: RenderCompositorSWGL failed mapping default framebuffer, no dt
[GFX1-]: RenderCompositorSWGL failed mapping default framebuffer, no dt
[GFX1-]: RenderCompositorSWGL failed mapping default framebuffer, no dt
[GFX1-]: RenderCompositorSWGL failed mapping default framebuffer, no dt
[GFX1-]: RenderCompositorSWGL failed mapping default framebuffer, no dt
[GFX1-]: RenderCompositorSWGL failed mapping default framebuffer, no dt
[GFX1-]: RenderCompositorSWGL failed mapping default framebuffer, no dt
[GFX1-]: RenderCompositorSWGL failed mapping default framebuffer, no dt
[GFX1-]: RenderCompositorSWGL failed mapping default framebuffer, no dt
[GFX1-]: RenderCompositorSWGL failed mapping default framebuffer, no dt
[GFX1-]: RenderCompositorSWGL failed mapping default framebuffer, no dt
[GFX1-]: RenderCompositorSWGL failed mapping default framebuffer, no dt
[GFX1-]: RenderCompositorSWGL failed mapping default framebuffer, no dt
[GFX1-]: RenderCompositorSWGL failed mapping default framebuffer, no dt
[GFX1-]: RenderCompositorSWGL failed mapping default framebuffer, no dt
[GFX1-]: RenderCompositorSWGL failed mapping default framebuffer, no dt
[GFX1-]: RenderCompositorSWGL failed mapping default framebuffer, no dt
[GFX1-]: RenderCompositorSWGL failed mapping default framebuffer, no dt
[GFX1-]: RenderCompositorSWGL failed mapping default framebuffer, no dt
[GFX1-]: RenderCompositorSWGL failed mapping default framebuffer, no dt
[GFX1-]: RenderCompositorSWGL failed mapping default framebuffer, no dt
[GFX1-]: RenderCompositorSWGL failed mapping default framebuffer, no dt
[GFX1-]: RenderCompositorSWGL failed mapping default framebuffer, no dt
[GFX1-]: RenderCompositorSWGL failed mapping default framebuffer, no dt
[GFX1-]: RenderCompositorSWGL failed mapping default framebuffer, no dt
[GFX1-]: RenderCompositorSWGL failed mapping default framebuffer, no dt
[GFX1-]: RenderCompositorSWGL failed mapping default framebuffer, no dt
[GFX1-]: RenderCompositorSWGL failed mapping default framebuffer, no dt
[GFX1-]: RenderCompositorSWGL failed mapping default framebuffer, no dt
[GFX1-]: RenderCompositorSWGL failed mapping default framebuffer, no dt
[GFX1-]: RenderCompositorSWGL failed mapping default framebuffer, no dt
[GFX1-]: RenderCompositorSWGL failed mapping default framebuffer, no dt
[GFX1-]: RenderCompositorSWGL failed mapping default framebuffer, no dt
[GFX1-]: RenderCompositorSWGL failed mapping default framebuffer, no dt
[GFX1-]: RenderCompositorSWGL failed mapping default framebuffer, no dt
[GFX1-]: RenderCompositorSWGL failed mapping default framebuffer, no dt
[GFX1-]: RenderCompositorSWGL failed mapping default framebuffer, no dt
[GFX1-]: RenderCompositorSWGL failed mapping default framebuffer, no dt
[GFX1-]: RenderCompositorSWGL failed mapping default framebuffer, no dt
[GFX1-]: RenderCompositorSWGL failed mapping default framebuffer, no dt
[GFX1-]: RenderCompositorSWGL failed mapping default framebuffer, no dt
[GFX1-]: RenderCompositorSWGL failed mapping default framebuffer, no dt
[GFX1-]: RenderCompositorSWGL failed mapping default framebuffer, no dt
[GFX1-]: RenderCompositorSWGL failed mapping default framebuffer, no dt
[GFX1-]: RenderCompositorSWGL failed mapping default framebuffer, no dt
[GFX1-]: RenderCompositorSWGL failed mapping default framebuffer, no dt
[GFX1-]: RenderCompositorSWGL failed mapping default framebuffer, no dt
[GFX1-]: RenderCompositorSWGL failed mapping default framebuffer, no dt
[GFX1-]: RenderCompositorSWGL failed mapping default framebuffer, no dt
[GFX1-]: RenderCompositorSWGL failed mapping default framebuffer, no dt
[GFX1-]: RenderCompositorSWGL failed mapping default framebuffer, no dt
[GFX1-]: RenderCompositorSWGL failed mapping default framebuffer, no dt
[GFX1-]: RenderCompositorSWGL failed mapping default framebuffer, no dt
[GFX1-]: RenderCompositorSWGL failed mapping default framebuffer, no dt
[GFX1-]: RenderCompositorSWGL failed mapping default framebuffer, no dt
[GFX1-]: RenderCompositorSWGL failed mapping default framebuffer, no dt
[GFX1-]: RenderCompositorSWGL failed mapping default framebuffer, no dt
[GFX1-]: RenderCompositorSWGL failed mapping default framebuffer, no dt
[GFX1-]: RenderCompositorSWGL failed mapping default framebuffer, no dt
[GFX1-]: RenderCompositorSWGL failed mapping default framebuffer, no dt
[GFX1-]: RenderCompositorSWGL failed mapping default framebuffer, no dt
[GFX1-]: RenderCompositorSWGL failed mapping default framebuffer, no dt
[GFX1-]: RenderCompositorSWGL failed mapping default framebuffer, no dt
[GFX1-]: RenderCompositorSWGL failed mapping default framebuffer, no dt
[GFX1-]: RenderCompositorSWGL failed mapping default framebuffer, no dt
[GFX1-]: RenderCompositorSWGL failed mapping default framebuffer, no dt
[GFX1-]: RenderCompositorSWGL failed mapping default framebuffer, no dt
[GFX1-]: RenderCompositorSWGL failed mapping default framebuffer, no dt
[GFX1-]: RenderCompositorSWGL failed mapping default framebuffer, no dt
[GFX1-]: RenderCompositorSWGL failed mapping default framebuffer, no dt
[GFX1-]: RenderCompositorSWGL failed mapping default framebuffer, no dt
[GFX1-]: RenderCompositorSWGL failed mapping default framebuffer, no dt
[GFX1-]: RenderCompositorSWGL failed mapping default framebuffer, no dt
[GFX1-]: RenderCompositorSWGL failed mapping default framebuffer, no dt
[GFX1-]: RenderCompositorSWGL failed mapping default framebuffer, no dt
[GFX1-]: RenderCompositorSWGL failed mapping default framebuffer, no dt
[GFX1-]: RenderCompositorSWGL failed mapping default framebuffer, no dt
[GFX1-]: RenderCompositorSWGL failed mapping default framebuffer, no dt
[GFX1-]: RenderCompositorSWGL failed mapping default framebuffer, no dt
[GFX1-]: RenderCompositorSWGL failed mapping default framebuffer, no dt
[GFX1-]: RenderCompositorSWGL failed mapping default framebuffer, no dt
[GFX1-]: RenderCompositorSWGL failed mapping default framebuffer, no dt
[GFX1-]: RenderCompositorSWGL failed mapping default framebuffer, no dt
[GFX1-]: RenderCompositorSWGL failed mapping default framebuffer, no dt
[GFX1-]: RenderCompositorSWGL failed mapping default framebuffer, no dt
[GFX1-]: RenderCompositorSWGL failed mapping default framebuffer, no dt
[GFX1-]: RenderCompositorSWGL failed mapping default framebuffer, no dt
[GFX1-]: RenderCompositorSWGL failed mapping default framebuffer, no dt
[GFX1-]: RenderCompositorSWGL failed mapping default framebuffer, no dt
[GFX1-]: RenderCompositorSWGL failed mapping default framebuffer, no dt
[GFX1-]: RenderCompositorSWGL failed mapping default framebuffer, no dt
[GFX1-]: RenderCompositorSWGL failed mapping default framebuffer, no dt
[GFX1-]: RenderCompositorSWGL failed mapping default framebuffer, no dt
[GFX1-]: RenderCompositorSWGL failed mapping default framebuffer, no dt
[GFX1-]: RenderCompositorSWGL failed mapping default framebuffer, no dt
[GFX1-]: RenderCompositorSWGL failed mapping default framebuffer, no dt
[GFX1-]: RenderCompositorSWGL failed mapping default framebuffer, no dt
[GFX1-]: RenderCompositorSWGL failed mapping default framebuffer, no dt
[GFX1-]: RenderCompositorSWGL failed mapping default framebuffer, no dt
[GFX1-]: RenderCompositorSWGL failed mapping default framebuffer, no dt
[GFX1-]: RenderCompositorSWGL failed mapping default framebuffer, no dt
[GFX1-]: RenderCompositorSWGL failed mapping default framebuffer, no dt
[GFX1-]: RenderCompositorSWGL failed mapping default framebuffer, no dt
[GFX1-]: RenderCompositorSWGL failed mapping default framebuffer, no dt
[GFX1-]: RenderCompositorSWGL failed mapping default framebuffer, no dt
[GFX1-]: RenderCompositorSWGL failed mapping default framebuffer, no dt
[GFX1-]: RenderCompositorSWGL failed mapping default framebuffer, no dt
[GFX1-]: RenderCompositorSWGL failed mapping default framebuffer, no dt
[GFX1-]: RenderCompositorSWGL failed mapping default framebuffer, no dt
[GFX1-]: RenderCompositorSWGL failed mapping default framebuffer, no dt
[GFX1-]: RenderCompositorSWGL failed mapping default framebuffer, no dt
[GFX1-]: RenderCompositorSWGL failed mapping default framebuffer, no dt
[GFX1-]: RenderCompositorSWGL failed mapping default framebuffer, no dt
[GFX1-]: RenderCompositorSWGL failed mapping default framebuffer, no dt
[GFX1-]: RenderCompositorSWGL failed mapping default framebuffer, no dt
[GFX1-]: RenderCompositorSWGL failed mapping default framebuffer, no dt
[GFX1-]: RenderCompositorSWGL failed mapping default framebuffer, no dt
[GFX1-]: RenderCompositorSWGL failed mapping default framebuffer, no dt
[GFX1-]: RenderCompositorSWGL failed mapping default framebuffer, no dt
[GFX1-]: RenderCompositorSWGL failed mapping default framebuffer, no dt
[GFX1-]: RenderCompositorSWGL failed mapping default framebuffer, no dt
[GFX1-]: RenderCompositorSWGL failed mapping default framebuffer, no dt
[GFX1-]: RenderCompositorSWGL failed mapping default framebuffer, no dt
[GFX1-]: RenderCompositorSWGL failed mapping default framebuffer, no dt
[GFX1-]: RenderCompositorSWGL failed mapping default framebuffer, no dt
[GFX1-]: RenderCompositorSWGL failed mapping default framebuffer, no dt
[GFX1-]: RenderCompositorSWGL failed mapping default framebuffer, no dt
[GFX1-]: RenderCompositorSWGL failed mapping default framebuffer, no dt
[GFX1-]: RenderCompositorSWGL failed mapping default framebuffer, no dt
[GFX1-]: RenderCompositorSWGL failed mapping default framebuffer, no dt
[GFX1-]: RenderCompositorSWGL failed mapping default framebuffer, no dt
[GFX1-]: RenderCompositorSWGL failed mapping default framebuffer, no dt
[GFX1-]: RenderCompositorSWGL failed mapping default framebuffer, no dt
[GFX1-]: RenderCompositorSWGL failed mapping default framebuffer, no dt
[GFX1-]: RenderCompositorSWGL failed mapping default framebuffer, no dt
[GFX1-]: RenderCompositorSWGL failed mapping default framebuffer, no dt
[GFX1-]: RenderCompositorSWGL failed mapping default framebuffer, no dt
[GFX1-]: RenderCompositorSWGL failed mapping default framebuffer, no dt
[GFX1-]: RenderCompositorSWGL failed mapping default framebuffer, no dt
[GFX1-]: RenderCompositorSWGL failed mapping default framebuffer, no dt
[GFX1-]: RenderCompositorSWGL failed mapping default framebuffer, no dt
[GFX1-]: RenderCompositorSWGL failed mapping default framebuffer, no dt
[GFX1-]: RenderCompositorSWGL failed mapping default framebuffer, no dt
[GFX1-]: RenderCompositorSWGL failed mapping default framebuffer, no dt
[GFX1-]: RenderCompositorSWGL failed mapping default framebuffer, no dt
[GFX1-]: RenderCompositorSWGL failed mapping default framebuffer, no dt
[GFX1-]: RenderCompositorSWGL failed mapping default framebuffer, no dt
[GFX1-]: RenderCompositorSWGL failed mapping default framebuffer, no dt
[GFX1-]: RenderCompositorSWGL failed mapping default framebuffer, no dt
[GFX1-]: RenderCompositorSWGL failed mapping default framebuffer, no dt
[GFX1-]: RenderCompositorSWGL failed mapping default framebuffer, no dt
[GFX1-]: RenderCompositorSWGL failed mapping default framebuffer, no dt
[GFX1-]: RenderCompositorSWGL failed mapping default framebuffer, no dt
[GFX1-]: RenderCompositorSWGL failed mapping default framebuffer, no dt
[GFX1-]: RenderCompositorSWGL failed mapping default framebuffer, no dt
[GFX1-]: RenderCompositorSWGL failed mapping default framebuffer, no dt
[GFX1-]: RenderCompositorSWGL failed mapping default framebuffer, no dt
[GFX1-]: RenderCompositorSWGL failed mapping default framebuffer, no dt
[GFX1-]: RenderCompositorSWGL failed mapping default framebuffer, no dt
[GFX1-]: RenderCompositorSWGL failed mapping default framebuffer, no dt
[GFX1-]: RenderCompositorSWGL failed mapping default framebuffer, no dt
[GFX1-]: RenderCompositorSWGL failed mapping default framebuffer, no dt
[GFX1-]: RenderCompositorSWGL failed mapping default framebuffer, no dt
[GFX1-]: RenderCompositorSWGL failed mapping default framebuffer, no dt
[GFX1-]: RenderCompositorSWGL failed mapping default framebuffer, no dt
[GFX1-]: RenderCompositorSWGL failed mapping default framebuffer, no dt
[GFX1-]: RenderCompositorSWGL failed mapping default framebuffer, no dt
[GFX1-]: RenderCompositorSWGL failed mapping default framebuffer, no dt
1623245935080	Marionette	INFO	Stopped listening on port 42061
[GFX1-]: RenderCompositorSWGL failed mapping default framebuffer, no dt
1623246026608	geckodriver	INFO	Listening on 127.0.0.1:50145
1623246026612	mozrunner::runner	INFO	Running command: "/usr/bin/firefox" "--marionette" "--headless" "-foreground" "-no-remote" "-profile" "/tmp/rust_mozprofileIr7Wto"
*** You are running in headless mode.
1623246026891	Marionette	INFO	Marionette enabled
[GFX1-]: RenderCompositorSWGL failed mapping default framebuffer, no dt
[GFX1-]: RenderCompositorSWGL failed mapping default framebuffer, no dt
console.warn: SearchSettings: "get: No settings file exists, new profile?" (new NotFoundError("Could not open the file at /tmp/rust_mozprofileIr7Wto/search.json.mozlz4", (void 0)))
[GFX1-]: RenderCompositorSWGL failed mapping default framebuffer, no dt
[GFX1-]: RenderCompositorSWGL failed mapping default framebuffer, no dt
1623246027778	Marionette	INFO	Listening on port 44095
[GFX1-]: RenderCompositorSWGL failed mapping default framebuffer, no dt
[GFX1-]: RenderCompositorSWGL failed mapping default framebuffer, no dt
1623246027825	Marionette	WARN	TLS certificate errors will be ignored for this session
[GFX1-]: RenderCompositorSWGL failed mapping default framebuffer, no dt
[GFX1-]: RenderCompositorSWGL failed mapping default framebuffer, no dt
[GFX1-]: RenderCompositorSWGL failed mapping default framebuffer, no dt
[GFX1-]: RenderCompositorSWGL failed mapping default framebuffer, no dt
[GFX1-]: RenderCompositorSWGL failed mapping default framebuffer, no dt
[GFX1-]: RenderCompositorSWGL failed mapping default framebuffer, no dt
[GFX1-]: RenderCompositorSWGL failed mapping default framebuffer, no dt
[GFX1-]: RenderCompositorSWGL failed mapping default framebuffer, no dt
[GFX1-]: RenderCompositorSWGL failed mapping default framebuffer, no dt
[GFX1-]: RenderCompositorSWGL failed mapping default framebuffer, no dt
[GFX1-]: RenderCompositorSWGL failed mapping default framebuffer, no dt
[GFX1-]: RenderCompositorSWGL failed mapping default framebuffer, no dt
[GFX1-]: RenderCompositorSWGL failed mapping default framebuffer, no dt
[GFX1-]: RenderCompositorSWGL failed mapping default framebuffer, no dt
[GFX1-]: RenderCompositorSWGL failed mapping default framebuffer, no dt
[GFX1-]: RenderCompositorSWGL failed mapping default framebuffer, no dt
[GFX1-]: RenderCompositorSWGL failed mapping default framebuffer, no dt
[GFX1-]: RenderCompositorSWGL failed mapping default framebuffer, no dt
[GFX1-]: RenderCompositorSWGL failed mapping default framebuffer, no dt
[GFX1-]: RenderCompositorSWGL failed mapping default framebuffer, no dt
[GFX1-]: RenderCompositorSWGL failed mapping default framebuffer, no dt
[GFX1-]: RenderCompositorSWGL failed mapping default framebuffer, no dt
[GFX1-]: RenderCompositorSWGL failed mapping default framebuffer, no dt
[GFX1-]: RenderCompositorSWGL failed mapping default framebuffer, no dt
[GFX1-]: RenderCompositorSWGL failed mapping default framebuffer, no dt
[GFX1-]: RenderCompositorSWGL failed mapping default framebuffer, no dt
[GFX1-]: RenderCompositorSWGL failed mapping default framebuffer, no dt
[GFX1-]: RenderCompositorSWGL failed mapping default framebuffer, no dt
[GFX1-]: RenderCompositorSWGL failed mapping default framebuffer, no dt
[GFX1-]: RenderCompositorSWGL failed mapping default framebuffer, no dt
[GFX1-]: RenderCompositorSWGL failed mapping default framebuffer, no dt
[GFX1-]: RenderCompositorSWGL failed mapping default framebuffer, no dt
[GFX1-]: RenderCompositorSWGL failed mapping default framebuffer, no dt
[GFX1-]: RenderCompositorSWGL failed mapping default framebuffer, no dt
[GFX1-]: RenderCompositorSWGL failed mapping default framebuffer, no dt
[GFX1-]: RenderCompositorSWGL failed mapping default framebuffer, no dt
[GFX1-]: RenderCompositorSWGL failed mapping default framebuffer, no dt
[GFX1-]: RenderCompositorSWGL failed mapping default framebuffer, no dt
[GFX1-]: RenderCompositorSWGL failed mapping default framebuffer, no dt
[GFX1-]: RenderCompositorSWGL failed mapping default framebuffer, no dt
[GFX1-]: RenderCompositorSWGL failed mapping default framebuffer, no dt
[GFX1-]: RenderCompositorSWGL failed mapping default framebuffer, no dt
[GFX1-]: RenderCompositorSWGL failed mapping default framebuffer, no dt
[GFX1-]: RenderCompositorSWGL failed mapping default framebuffer, no dt
[GFX1-]: RenderCompositorSWGL failed mapping default framebuffer, no dt
[GFX1-]: RenderCompositorSWGL failed mapping default framebuffer, no dt
[GFX1-]: RenderCompositorSWGL failed mapping default framebuffer, no dt
[GFX1-]: RenderCompositorSWGL failed mapping default framebuffer, no dt
[GFX1-]: RenderCompositorSWGL failed mapping default framebuffer, no dt
[GFX1-]: RenderCompositorSWGL failed mapping default framebuffer, no dt
[GFX1-]: RenderCompositorSWGL failed mapping default framebuffer, no dt
[GFX1-]: RenderCompositorSWGL failed mapping default framebuffer, no dt
[GFX1-]: RenderCompositorSWGL failed mapping default framebuffer, no dt
[GFX1-]: RenderCompositorSWGL failed mapping default framebuffer, no dt
[GFX1-]: RenderCompositorSWGL failed mapping default framebuffer, no dt
[GFX1-]: RenderCompositorSWGL failed mapping default framebuffer, no dt
[GFX1-]: RenderCompositorSWGL failed mapping default framebuffer, no dt
[GFX1-]: RenderCompositorSWGL failed mapping default framebuffer, no dt
[GFX1-]: RenderCompositorSWGL failed mapping default framebuffer, no dt
[GFX1-]: RenderCompositorSWGL failed mapping default framebuffer, no dt
[GFX1-]: RenderCompositorSWGL failed mapping default framebuffer, no dt
[GFX1-]: RenderCompositorSWGL failed mapping default framebuffer, no dt
[GFX1-]: RenderCompositorSWGL failed mapping default framebuffer, no dt
[GFX1-]: RenderCompositorSWGL failed mapping default framebuffer, no dt
[GFX1-]: RenderCompositorSWGL failed mapping default framebuffer, no dt
[GFX1-]: RenderCompositorSWGL failed mapping default framebuffer, no dt
[GFX1-]: RenderCompositorSWGL failed mapping default framebuffer, no dt
[GFX1-]: RenderCompositorSWGL failed mapping default framebuffer, no dt
[GFX1-]: RenderCompositorSWGL failed mapping default framebuffer, no dt
[GFX1-]: RenderCompositorSWGL failed mapping default framebuffer, no dt
[GFX1-]: RenderCompositorSWGL failed mapping default framebuffer, no dt
[GFX1-]: RenderCompositorSWGL failed mapping default framebuffer, no dt
[GFX1-]: RenderCompositorSWGL failed mapping default framebuffer, no dt
[GFX1-]: RenderCompositorSWGL failed mapping default framebuffer, no dt
[GFX1-]: RenderCompositorSWGL failed mapping default framebuffer, no dt
[GFX1-]: RenderCompositorSWGL failed mapping default framebuffer, no dt
[GFX1-]: RenderCompositorSWGL failed mapping default framebuffer, no dt
[GFX1-]: RenderCompositorSWGL failed mapping default framebuffer, no dt
[GFX1-]: RenderCompositorSWGL failed mapping default framebuffer, no dt
[GFX1-]: RenderCompositorSWGL failed mapping default framebuffer, no dt
[GFX1-]: RenderCompositorSWGL failed mapping default framebuffer, no dt
[GFX1-]: RenderCompositorSWGL failed mapping default framebuffer, no dt
[GFX1-]: RenderCompositorSWGL failed mapping default framebuffer, no dt
[GFX1-]: RenderCompositorSWGL failed mapping default framebuffer, no dt
[GFX1-]: RenderCompositorSWGL failed mapping default framebuffer, no dt
[GFX1-]: RenderCompositorSWGL failed mapping default framebuffer, no dt
[GFX1-]: RenderCompositorSWGL failed mapping default framebuffer, no dt
[GFX1-]: RenderCompositorSWGL failed mapping default framebuffer, no dt
[GFX1-]: RenderCompositorSWGL failed mapping default framebuffer, no dt
[GFX1-]: RenderCompositorSWGL failed mapping default framebuffer, no dt
[GFX1-]: RenderCompositorSWGL failed mapping default framebuffer, no dt
[GFX1-]: RenderCompositorSWGL failed mapping default framebuffer, no dt
[GFX1-]: RenderCompositorSWGL failed mapping default framebuffer, no dt
[GFX1-]: RenderCompositorSWGL failed mapping default framebuffer, no dt
[GFX1-]: RenderCompositorSWGL failed mapping default framebuffer, no dt
[GFX1-]: RenderCompositorSWGL failed mapping default framebuffer, no dt
[GFX1-]: RenderCompositorSWGL failed mapping default framebuffer, no dt
[GFX1-]: RenderCompositorSWGL failed mapping default framebuffer, no dt
[GFX1-]: RenderCompositorSWGL failed mapping default framebuffer, no dt
[GFX1-]: RenderCompositorSWGL failed mapping default framebuffer, no dt
[GFX1-]: RenderCompositorSWGL failed mapping default framebuffer, no dt
[GFX1-]: RenderCompositorSWGL failed mapping default framebuffer, no dt
[GFX1-]: RenderCompositorSWGL failed mapping default framebuffer, no dt
[GFX1-]: RenderCompositorSWGL failed mapping default framebuffer, no dt
[GFX1-]: RenderCompositorSWGL failed mapping default framebuffer, no dt
[GFX1-]: RenderCompositorSWGL failed mapping default framebuffer, no dt
[GFX1-]: RenderCompositorSWGL failed mapping default framebuffer, no dt
[GFX1-]: RenderCompositorSWGL failed mapping default framebuffer, no dt
[GFX1-]: RenderCompositorSWGL failed mapping default framebuffer, no dt
[GFX1-]: RenderCompositorSWGL failed mapping default framebuffer, no dt
[GFX1-]: RenderCompositorSWGL failed mapping default framebuffer, no dt
[GFX1-]: RenderCompositorSWGL failed mapping default framebuffer, no dt
[GFX1-]: RenderCompositorSWGL failed mapping default framebuffer, no dt
[GFX1-]: RenderCompositorSWGL failed mapping default framebuffer, no dt
[GFX1-]: RenderCompositorSWGL failed mapping default framebuffer, no dt
[GFX1-]: RenderCompositorSWGL failed mapping default framebuffer, no dt
[GFX1-]: RenderCompositorSWGL failed mapping default framebuffer, no dt
[GFX1-]: RenderCompositorSWGL failed mapping default framebuffer, no dt
[GFX1-]: RenderCompositorSWGL failed mapping default framebuffer, no dt
[GFX1-]: RenderCompositorSWGL failed mapping default framebuffer, no dt
[GFX1-]: RenderCompositorSWGL failed mapping default framebuffer, no dt
[GFX1-]: RenderCompositorSWGL failed mapping default framebuffer, no dt
[GFX1-]: RenderCompositorSWGL failed mapping default framebuffer, no dt
[GFX1-]: RenderCompositorSWGL failed mapping default framebuffer, no dt
[GFX1-]: RenderCompositorSWGL failed mapping default framebuffer, no dt
[GFX1-]: RenderCompositorSWGL failed mapping default framebuffer, no dt
[GFX1-]: RenderCompositorSWGL failed mapping default framebuffer, no dt
[GFX1-]: RenderCompositorSWGL failed mapping default framebuffer, no dt
[GFX1-]: RenderCompositorSWGL failed mapping default framebuffer, no dt
[GFX1-]: RenderCompositorSWGL failed mapping default framebuffer, no dt
[GFX1-]: RenderCompositorSWGL failed mapping default framebuffer, no dt
[GFX1-]: RenderCompositorSWGL failed mapping default framebuffer, no dt
[GFX1-]: RenderCompositorSWGL failed mapping default framebuffer, no dt
[GFX1-]: RenderCompositorSWGL failed mapping default framebuffer, no dt
[GFX1-]: RenderCompositorSWGL failed mapping default framebuffer, no dt
[GFX1-]: RenderCompositorSWGL failed mapping default framebuffer, no dt
[GFX1-]: RenderCompositorSWGL failed mapping default framebuffer, no dt
[GFX1-]: RenderCompositorSWGL failed mapping default framebuffer, no dt
[GFX1-]: RenderCompositorSWGL failed mapping default framebuffer, no dt
[GFX1-]: RenderCompositorSWGL failed mapping default framebuffer, no dt
[GFX1-]: RenderCompositorSWGL failed mapping default framebuffer, no dt
[GFX1-]: RenderCompositorSWGL failed mapping default framebuffer, no dt
[GFX1-]: RenderCompositorSWGL failed mapping default framebuffer, no dt
[GFX1-]: RenderCompositorSWGL failed mapping default framebuffer, no dt
[GFX1-]: RenderCompositorSWGL failed mapping default framebuffer, no dt
[GFX1-]: RenderCompositorSWGL failed mapping default framebuffer, no dt
[GFX1-]: RenderCompositorSWGL failed mapping default framebuffer, no dt
[GFX1-]: RenderCompositorSWGL failed mapping default framebuffer, no dt
[GFX1-]: RenderCompositorSWGL failed mapping default framebuffer, no dt
[GFX1-]: RenderCompositorSWGL failed mapping default framebuffer, no dt
[GFX1-]: RenderCompositorSWGL failed mapping default framebuffer, no dt
[GFX1-]: RenderCompositorSWGL failed mapping default framebuffer, no dt
[GFX1-]: RenderCompositorSWGL failed mapping default framebuffer, no dt
[GFX1-]: RenderCompositorSWGL failed mapping default framebuffer, no dt
[GFX1-]: RenderCompositorSWGL failed mapping default framebuffer, no dt
[GFX1-]: RenderCompositorSWGL failed mapping default framebuffer, no dt
[GFX1-]: RenderCompositorSWGL failed mapping default framebuffer, no dt
[GFX1-]: RenderCompositorSWGL failed mapping default framebuffer, no dt
[GFX1-]: RenderCompositorSWGL failed mapping default framebuffer, no dt
[GFX1-]: RenderCompositorSWGL failed mapping default framebuffer, no dt
[GFX1-]: RenderCompositorSWGL failed mapping default framebuffer, no dt
[GFX1-]: RenderCompositorSWGL failed mapping default framebuffer, no dt
[GFX1-]: RenderCompositorSWGL failed mapping default framebuffer, no dt
[GFX1-]: RenderCompositorSWGL failed mapping default framebuffer, no dt
[GFX1-]: RenderCompositorSWGL failed mapping default framebuffer, no dt
[GFX1-]: RenderCompositorSWGL failed mapping default framebuffer, no dt
[GFX1-]: RenderCompositorSWGL failed mapping default framebuffer, no dt
[GFX1-]: RenderCompositorSWGL failed mapping default framebuffer, no dt
[GFX1-]: RenderCompositorSWGL failed mapping default framebuffer, no dt
[GFX1-]: RenderCompositorSWGL failed mapping default framebuffer, no dt
[GFX1-]: RenderCompositorSWGL failed mapping default framebuffer, no dt
[GFX1-]: RenderCompositorSWGL failed mapping default framebuffer, no dt
[GFX1-]: RenderCompositorSWGL failed mapping default framebuffer, no dt
[GFX1-]: RenderCompositorSWGL failed mapping default framebuffer, no dt
[GFX1-]: RenderCompositorSWGL failed mapping default framebuffer, no dt
[GFX1-]: RenderCompositorSWGL failed mapping default framebuffer, no dt
[GFX1-]: RenderCompositorSWGL failed mapping default framebuffer, no dt
[GFX1-]: RenderCompositorSWGL failed mapping default framebuffer, no dt
[GFX1-]: RenderCompositorSWGL failed mapping default framebuffer, no dt
[GFX1-]: RenderCompositorSWGL failed mapping default framebuffer, no dt
[GFX1-]: RenderCompositorSWGL failed mapping default framebuffer, no dt
[GFX1-]: RenderCompositorSWGL failed mapping default framebuffer, no dt
[GFX1-]: RenderCompositorSWGL failed mapping default framebuffer, no dt
[GFX1-]: RenderCompositorSWGL failed mapping default framebuffer, no dt
[GFX1-]: RenderCompositorSWGL failed mapping default framebuffer, no dt
[GFX1-]: RenderCompositorSWGL failed mapping default framebuffer, no dt
[GFX1-]: RenderCompositorSWGL failed mapping default framebuffer, no dt
[GFX1-]: RenderCompositorSWGL failed mapping default framebuffer, no dt
[GFX1-]: RenderCompositorSWGL failed mapping default framebuffer, no dt
[GFX1-]: RenderCompositorSWGL failed mapping default framebuffer, no dt
[GFX1-]: RenderCompositorSWGL failed mapping default framebuffer, no dt
[GFX1-]: RenderCompositorSWGL failed mapping default framebuffer, no dt
[GFX1-]: RenderCompositorSWGL failed mapping default framebuffer, no dt
[GFX1-]: RenderCompositorSWGL failed mapping default framebuffer, no dt
[GFX1-]: RenderCompositorSWGL failed mapping default framebuffer, no dt
[GFX1-]: RenderCompositorSWGL failed mapping default framebuffer, no dt
[GFX1-]: RenderCompositorSWGL failed mapping default framebuffer, no dt
[GFX1-]: RenderCompositorSWGL failed mapping default framebuffer, no dt
[GFX1-]: RenderCompositorSWGL failed mapping default framebuffer, no dt
[GFX1-]: RenderCompositorSWGL failed mapping default framebuffer, no dt
[GFX1-]: RenderCompositorSWGL failed mapping default framebuffer, no dt
[GFX1-]: RenderCompositorSWGL failed mapping default framebuffer, no dt
[GFX1-]: RenderCompositorSWGL failed mapping default framebuffer, no dt
[GFX1-]: RenderCompositorSWGL failed mapping default framebuffer, no dt
[GFX1-]: RenderCompositorSWGL failed mapping default framebuffer, no dt
[GFX1-]: RenderCompositorSWGL failed mapping default framebuffer, no dt
[GFX1-]: RenderCompositorSWGL failed mapping default framebuffer, no dt
[GFX1-]: RenderCompositorSWGL failed mapping default framebuffer, no dt
[GFX1-]: RenderCompositorSWGL failed mapping default framebuffer, no dt
[GFX1-]: RenderCompositorSWGL failed mapping default framebuffer, no dt
[GFX1-]: RenderCompositorSWGL failed mapping default framebuffer, no dt
[GFX1-]: RenderCompositorSWGL failed mapping default framebuffer, no dt
[GFX1-]: RenderCompositorSWGL failed mapping default framebuffer, no dt
[GFX1-]: RenderCompositorSWGL failed mapping default framebuffer, no dt
[GFX1-]: RenderCompositorSWGL failed mapping default framebuffer, no dt
[GFX1-]: RenderCompositorSWGL failed mapping default framebuffer, no dt
[GFX1-]: RenderCompositorSWGL failed mapping default framebuffer, no dt
[GFX1-]: RenderCompositorSWGL failed mapping default framebuffer, no dt
[GFX1-]: RenderCompositorSWGL failed mapping default framebuffer, no dt
[GFX1-]: RenderCompositorSWGL failed mapping default framebuffer, no dt
[GFX1-]: RenderCompositorSWGL failed mapping default framebuffer, no dt
[GFX1-]: RenderCompositorSWGL failed mapping default framebuffer, no dt
[GFX1-]: RenderCompositorSWGL failed mapping default framebuffer, no dt
[GFX1-]: RenderCompositorSWGL failed mapping default framebuffer, no dt
[GFX1-]: RenderCompositorSWGL failed mapping default framebuffer, no dt
[GFX1-]: RenderCompositorSWGL failed mapping default framebuffer, no dt
[GFX1-]: RenderCompositorSWGL failed mapping default framebuffer, no dt
[GFX1-]: RenderCompositorSWGL failed mapping default framebuffer, no dt
[GFX1-]: RenderCompositorSWGL failed mapping default framebuffer, no dt
[GFX1-]: RenderCompositorSWGL failed mapping default framebuffer, no dt
[GFX1-]: RenderCompositorSWGL failed mapping default framebuffer, no dt
[GFX1-]: RenderCompositorSWGL failed mapping default framebuffer, no dt
[GFX1-]: RenderCompositorSWGL failed mapping default framebuffer, no dt
[GFX1-]: RenderCompositorSWGL failed mapping default framebuffer, no dt
[GFX1-]: RenderCompositorSWGL failed mapping default framebuffer, no dt
[GFX1-]: RenderCompositorSWGL failed mapping default framebuffer, no dt
[GFX1-]: RenderCompositorSWGL failed mapping default framebuffer, no dt
[GFX1-]: RenderCompositorSWGL failed mapping default framebuffer, no dt
[GFX1-]: RenderCompositorSWGL failed mapping default framebuffer, no dt
[GFX1-]: RenderCompositorSWGL failed mapping default framebuffer, no dt
[GFX1-]: RenderCompositorSWGL failed mapping default framebuffer, no dt
[GFX1-]: RenderCompositorSWGL failed mapping default framebuffer, no dt
[GFX1-]: RenderCompositorSWGL failed mapping default framebuffer, no dt
[GFX1-]: RenderCompositorSWGL failed mapping default framebuffer, no dt
[GFX1-]: RenderCompositorSWGL failed mapping default framebuffer, no dt
[GFX1-]: RenderCompositorSWGL failed mapping default framebuffer, no dt
[GFX1-]: RenderCompositorSWGL failed mapping default framebuffer, no dt
[GFX1-]: RenderCompositorSWGL failed mapping default framebuffer, no dt
[GFX1-]: RenderCompositorSWGL failed mapping default framebuffer, no dt
[GFX1-]: RenderCompositorSWGL failed mapping default framebuffer, no dt
[GFX1-]: RenderCompositorSWGL failed mapping default framebuffer, no dt
[GFX1-]: RenderCompositorSWGL failed mapping default framebuffer, no dt
[GFX1-]: RenderCompositorSWGL failed mapping default framebuffer, no dt
[GFX1-]: RenderCompositorSWGL failed mapping default framebuffer, no dt
[GFX1-]: RenderCompositorSWGL failed mapping default framebuffer, no dt
[GFX1-]: RenderCompositorSWGL failed mapping default framebuffer, no dt
[GFX1-]: RenderCompositorSWGL failed mapping default framebuffer, no dt
[GFX1-]: RenderCompositorSWGL failed mapping default framebuffer, no dt
[GFX1-]: RenderCompositorSWGL failed mapping default framebuffer, no dt
[GFX1-]: RenderCompositorSWGL failed mapping default framebuffer, no dt
[GFX1-]: RenderCompositorSWGL failed mapping default framebuffer, no dt
[GFX1-]: RenderCompositorSWGL failed mapping default framebuffer, no dt
[GFX1-]: RenderCompositorSWGL failed mapping default framebuffer, no dt
[GFX1-]: RenderCompositorSWGL failed mapping default framebuffer, no dt
[GFX1-]: RenderCompositorSWGL failed mapping default framebuffer, no dt
[GFX1-]: RenderCompositorSWGL failed mapping default framebuffer, no dt
[GFX1-]: RenderCompositorSWGL failed mapping default framebuffer, no dt
[GFX1-]: RenderCompositorSWGL failed mapping default framebuffer, no dt
[GFX1-]: RenderCompositorSWGL failed mapping default framebuffer, no dt
[GFX1-]: RenderCompositorSWGL failed mapping default framebuffer, no dt
[GFX1-]: RenderCompositorSWGL failed mapping default framebuffer, no dt
[GFX1-]: RenderCompositorSWGL failed mapping default framebuffer, no dt
[GFX1-]: RenderCompositorSWGL failed mapping default framebuffer, no dt
[GFX1-]: RenderCompositorSWGL failed mapping default framebuffer, no dt
[GFX1-]: RenderCompositorSWGL failed mapping default framebuffer, no dt
[GFX1-]: RenderCompositorSWGL failed mapping default framebuffer, no dt
[GFX1-]: RenderCompositorSWGL failed mapping default framebuffer, no dt
[GFX1-]: RenderCompositorSWGL failed mapping default framebuffer, no dt
[GFX1-]: RenderCompositorSWGL failed mapping default framebuffer, no dt
[GFX1-]: RenderCompositorSWGL failed mapping default framebuffer, no dt
[GFX1-]: RenderCompositorSWGL failed mapping default framebuffer, no dt
[GFX1-]: RenderCompositorSWGL failed mapping default framebuffer, no dt
[GFX1-]: RenderCompositorSWGL failed mapping default framebuffer, no dt
[GFX1-]: RenderCompositorSWGL failed mapping default framebuffer, no dt
[GFX1-]: RenderCompositorSWGL failed mapping default framebuffer, no dt
[GFX1-]: RenderCompositorSWGL failed mapping default framebuffer, no dt
[GFX1-]: RenderCompositorSWGL failed mapping default framebuffer, no dt
[GFX1-]: RenderCompositorSWGL failed mapping default framebuffer, no dt
[GFX1-]: RenderCompositorSWGL failed mapping default framebuffer, no dt
[GFX1-]: RenderCompositorSWGL failed mapping default framebuffer, no dt
[GFX1-]: RenderCompositorSWGL failed mapping default framebuffer, no dt
[GFX1-]: RenderCompositorSWGL failed mapping default framebuffer, no dt
[GFX1-]: RenderCompositorSWGL failed mapping default framebuffer, no dt
[GFX1-]: RenderCompositorSWGL failed mapping default framebuffer, no dt
[GFX1-]: RenderCompositorSWGL failed mapping default framebuffer, no dt
[GFX1-]: RenderCompositorSWGL failed mapping default framebuffer, no dt
[GFX1-]: RenderCompositorSWGL failed mapping default framebuffer, no dt
[GFX1-]: RenderCompositorSWGL failed mapping default framebuffer, no dt
[GFX1-]: RenderCompositorSWGL failed mapping default framebuffer, no dt
[GFX1-]: RenderCompositorSWGL failed mapping default framebuffer, no dt
[GFX1-]: RenderCompositorSWGL failed mapping default framebuffer, no dt
[GFX1-]: RenderCompositorSWGL failed mapping default framebuffer, no dt
[GFX1-]: RenderCompositorSWGL failed mapping default framebuffer, no dt
[GFX1-]: RenderCompositorSWGL failed mapping default framebuffer, no dt
[GFX1-]: RenderCompositorSWGL failed mapping default framebuffer, no dt
[GFX1-]: RenderCompositorSWGL failed mapping default framebuffer, no dt
[GFX1-]: RenderCompositorSWGL failed mapping default framebuffer, no dt
[GFX1-]: RenderCompositorSWGL failed mapping default framebuffer, no dt
[GFX1-]: RenderCompositorSWGL failed mapping default framebuffer, no dt
[GFX1-]: RenderCompositorSWGL failed mapping default framebuffer, no dt
[GFX1-]: RenderCompositorSWGL failed mapping default framebuffer, no dt
[GFX1-]: RenderCompositorSWGL failed mapping default framebuffer, no dt
[GFX1-]: RenderCompositorSWGL failed mapping default framebuffer, no dt
[GFX1-]: RenderCompositorSWGL failed mapping default framebuffer, no dt
[GFX1-]: RenderCompositorSWGL failed mapping default framebuffer, no dt
[GFX1-]: RenderCompositorSWGL failed mapping default framebuffer, no dt
[GFX1-]: RenderCompositorSWGL failed mapping default framebuffer, no dt
[GFX1-]: RenderCompositorSWGL failed mapping default framebuffer, no dt
[GFX1-]: RenderCompositorSWGL failed mapping default framebuffer, no dt
[GFX1-]: RenderCompositorSWGL failed mapping default framebuffer, no dt
[GFX1-]: RenderCompositorSWGL failed mapping default framebuffer, no dt
[GFX1-]: RenderCompositorSWGL failed mapping default framebuffer, no dt
[GFX1-]: RenderCompositorSWGL failed mapping default framebuffer, no dt
[GFX1-]: RenderCompositorSWGL failed mapping default framebuffer, no dt
[GFX1-]: RenderCompositorSWGL failed mapping default framebuffer, no dt
[GFX1-]: RenderCompositorSWGL failed mapping default framebuffer, no dt
[GFX1-]: RenderCompositorSWGL failed mapping default framebuffer, no dt
[GFX1-]: RenderCompositorSWGL failed mapping default framebuffer, no dt
[GFX1-]: RenderCompositorSWGL failed mapping default framebuffer, no dt
[GFX1-]: RenderCompositorSWGL failed mapping default framebuffer, no dt
[GFX1-]: RenderCompositorSWGL failed mapping default framebuffer, no dt
[GFX1-]: RenderCompositorSWGL failed mapping default framebuffer, no dt
[GFX1-]: RenderCompositorSWGL failed mapping default framebuffer, no dt
[GFX1-]: RenderCompositorSWGL failed mapping default framebuffer, no dt
[GFX1-]: RenderCompositorSWGL failed mapping default framebuffer, no dt
[GFX1-]: RenderCompositorSWGL failed mapping default framebuffer, no dt
[GFX1-]: RenderCompositorSWGL failed mapping default framebuffer, no dt
[GFX1-]: RenderCompositorSWGL failed mapping default framebuffer, no dt
[GFX1-]: RenderCompositorSWGL failed mapping default framebuffer, no dt
[GFX1-]: RenderCompositorSWGL failed mapping default framebuffer, no dt
[GFX1-]: RenderCompositorSWGL failed mapping default framebuffer, no dt
[GFX1-]: RenderCompositorSWGL failed mapping default framebuffer, no dt
[GFX1-]: RenderCompositorSWGL failed mapping default framebuffer, no dt
[GFX1-]: RenderCompositorSWGL failed mapping default framebuffer, no dt
[GFX1-]: RenderCompositorSWGL failed mapping default framebuffer, no dt
[GFX1-]: RenderCompositorSWGL failed mapping default framebuffer, no dt
[GFX1-]: RenderCompositorSWGL failed mapping default framebuffer, no dt
[GFX1-]: RenderCompositorSWGL failed mapping default framebuffer, no dt
[GFX1-]: RenderCompositorSWGL failed mapping default framebuffer, no dt
[GFX1-]: RenderCompositorSWGL failed mapping default framebuffer, no dt
[GFX1-]: RenderCompositorSWGL failed mapping default framebuffer, no dt
[GFX1-]: RenderCompositorSWGL failed mapping default framebuffer, no dt
[GFX1-]: RenderCompositorSWGL failed mapping default framebuffer, no dt
[GFX1-]: RenderCompositorSWGL failed mapping default framebuffer, no dt
[GFX1-]: RenderCompositorSWGL failed mapping default framebuffer, no dt
[GFX1-]: RenderCompositorSWGL failed mapping default framebuffer, no dt
[GFX1-]: RenderCompositorSWGL failed mapping default framebuffer, no dt
[GFX1-]: RenderCompositorSWGL failed mapping default framebuffer, no dt
[GFX1-]: RenderCompositorSWGL failed mapping default framebuffer, no dt
[GFX1-]: RenderCompositorSWGL failed mapping default framebuffer, no dt
[GFX1-]: RenderCompositorSWGL failed mapping default framebuffer, no dt
[GFX1-]: RenderCompositorSWGL failed mapping default framebuffer, no dt
[GFX1-]: RenderCompositorSWGL failed mapping default framebuffer, no dt
[GFX1-]: RenderCompositorSWGL failed mapping default framebuffer, no dt
[GFX1-]: RenderCompositorSWGL failed mapping default framebuffer, no dt
[GFX1-]: RenderCompositorSWGL failed mapping default framebuffer, no dt
[GFX1-]: RenderCompositorSWGL failed mapping default framebuffer, no dt
[GFX1-]: RenderCompositorSWGL failed mapping default framebuffer, no dt
[GFX1-]: RenderCompositorSWGL failed mapping default framebuffer, no dt
[GFX1-]: RenderCompositorSWGL failed mapping default framebuffer, no dt
[GFX1-]: RenderCompositorSWGL failed mapping default framebuffer, no dt
[GFX1-]: RenderCompositorSWGL failed mapping default framebuffer, no dt
[GFX1-]: RenderCompositorSWGL failed mapping default framebuffer, no dt
[GFX1-]: RenderCompositorSWGL failed mapping default framebuffer, no dt
[GFX1-]: RenderCompositorSWGL failed mapping default framebuffer, no dt
[GFX1-]: RenderCompositorSWGL failed mapping default framebuffer, no dt
[GFX1-]: RenderCompositorSWGL failed mapping default framebuffer, no dt
[GFX1-]: RenderCompositorSWGL failed mapping default framebuffer, no dt
[GFX1-]: RenderCompositorSWGL failed mapping default framebuffer, no dt
[GFX1-]: RenderCompositorSWGL failed mapping default framebuffer, no dt
[GFX1-]: RenderCompositorSWGL failed mapping default framebuffer, no dt
[GFX1-]: RenderCompositorSWGL failed mapping default framebuffer, no dt
[GFX1-]: RenderCompositorSWGL failed mapping default framebuffer, no dt
[GFX1-]: RenderCompositorSWGL failed mapping default framebuffer, no dt
[GFX1-]: RenderCompositorSWGL failed mapping default framebuffer, no dt
[GFX1-]: RenderCompositorSWGL failed mapping default framebuffer, no dt
[GFX1-]: RenderCompositorSWGL failed mapping default framebuffer, no dt
[GFX1-]: RenderCompositorSWGL failed mapping default framebuffer, no dt
[GFX1-]: RenderCompositorSWGL failed mapping default framebuffer, no dt
[GFX1-]: RenderCompositorSWGL failed mapping default framebuffer, no dt
[GFX1-]: RenderCompositorSWGL failed mapping default framebuffer, no dt
[GFX1-]: RenderCompositorSWGL failed mapping default framebuffer, no dt
[GFX1-]: RenderCompositorSWGL failed mapping default framebuffer, no dt
[GFX1-]: RenderCompositorSWGL failed mapping default framebuffer, no dt
[GFX1-]: RenderCompositorSWGL failed mapping default framebuffer, no dt
[GFX1-]: RenderCompositorSWGL failed mapping default framebuffer, no dt
[GFX1-]: RenderCompositorSWGL failed mapping default framebuffer, no dt
[GFX1-]: RenderCompositorSWGL failed mapping default framebuffer, no dt
[GFX1-]: RenderCompositorSWGL failed mapping default framebuffer, no dt
[GFX1-]: RenderCompositorSWGL failed mapping default framebuffer, no dt
[GFX1-]: RenderCompositorSWGL failed mapping default framebuffer, no dt
[GFX1-]: RenderCompositorSWGL failed mapping default framebuffer, no dt
[GFX1-]: RenderCompositorSWGL failed mapping default framebuffer, no dt
[GFX1-]: RenderCompositorSWGL failed mapping default framebuffer, no dt
[GFX1-]: RenderCompositorSWGL failed mapping default framebuffer, no dt
[GFX1-]: RenderCompositorSWGL failed mapping default framebuffer, no dt
[GFX1-]: RenderCompositorSWGL failed mapping default framebuffer, no dt
[GFX1-]: RenderCompositorSWGL failed mapping default framebuffer, no dt
[GFX1-]: RenderCompositorSWGL failed mapping default framebuffer, no dt
[GFX1-]: RenderCompositorSWGL failed mapping default framebuffer, no dt
[GFX1-]: RenderCompositorSWGL failed mapping default framebuffer, no dt
[GFX1-]: RenderCompositorSWGL failed mapping default framebuffer, no dt
[GFX1-]: RenderCompositorSWGL failed mapping default framebuffer, no dt
[GFX1-]: RenderCompositorSWGL failed mapping default framebuffer, no dt
[GFX1-]: RenderCompositorSWGL failed mapping default framebuffer, no dt
[GFX1-]: RenderCompositorSWGL failed mapping default framebuffer, no dt
[GFX1-]: RenderCompositorSWGL failed mapping default framebuffer, no dt
[GFX1-]: RenderCompositorSWGL failed mapping default framebuffer, no dt
[GFX1-]: RenderCompositorSWGL failed mapping default framebuffer, no dt
[GFX1-]: RenderCompositorSWGL failed mapping default framebuffer, no dt
[GFX1-]: RenderCompositorSWGL failed mapping default framebuffer, no dt
[GFX1-]: RenderCompositorSWGL failed mapping default framebuffer, no dt
[GFX1-]: RenderCompositorSWGL failed mapping default framebuffer, no dt
[GFX1-]: RenderCompositorSWGL failed mapping default framebuffer, no dt
[GFX1-]: RenderCompositorSWGL failed mapping default framebuffer, no dt
[GFX1-]: RenderCompositorSWGL failed mapping default framebuffer, no dt
[GFX1-]: RenderCompositorSWGL failed mapping default framebuffer, no dt
[GFX1-]: RenderCompositorSWGL failed mapping default framebuffer, no dt
[GFX1-]: RenderCompositorSWGL failed mapping default framebuffer, no dt
[GFX1-]: RenderCompositorSWGL failed mapping default framebuffer, no dt
[GFX1-]: RenderCompositorSWGL failed mapping default framebuffer, no dt
[GFX1-]: RenderCompositorSWGL failed mapping default framebuffer, no dt
[GFX1-]: RenderCompositorSWGL failed mapping default framebuffer, no dt
[GFX1-]: RenderCompositorSWGL failed mapping default framebuffer, no dt
[GFX1-]: RenderCompositorSWGL failed mapping default framebuffer, no dt
[GFX1-]: RenderCompositorSWGL failed mapping default framebuffer, no dt
[GFX1-]: RenderCompositorSWGL failed mapping default framebuffer, no dt
[GFX1-]: RenderCompositorSWGL failed mapping default framebuffer, no dt
[GFX1-]: RenderCompositorSWGL failed mapping default framebuffer, no dt
[GFX1-]: RenderCompositorSWGL failed mapping default framebuffer, no dt
[GFX1-]: RenderCompositorSWGL failed mapping default framebuffer, no dt
[GFX1-]: RenderCompositorSWGL failed mapping default framebuffer, no dt
[GFX1-]: RenderCompositorSWGL failed mapping default framebuffer, no dt
[GFX1-]: RenderCompositorSWGL failed mapping default framebuffer, no dt
[GFX1-]: RenderCompositorSWGL failed mapping default framebuffer, no dt
[GFX1-]: RenderCompositorSWGL failed mapping default framebuffer, no dt
[GFX1-]: RenderCompositorSWGL failed mapping default framebuffer, no dt
[GFX1-]: RenderCompositorSWGL failed mapping default framebuffer, no dt
[GFX1-]: RenderCompositorSWGL failed mapping default framebuffer, no dt
[GFX1-]: RenderCompositorSWGL failed mapping default framebuffer, no dt
[GFX1-]: RenderCompositorSWGL failed mapping default framebuffer, no dt
[GFX1-]: RenderCompositorSWGL failed mapping default framebuffer, no dt
[GFX1-]: RenderCompositorSWGL failed mapping default framebuffer, no dt
[GFX1-]: RenderCompositorSWGL failed mapping default framebuffer, no dt
[GFX1-]: RenderCompositorSWGL failed mapping default framebuffer, no dt
[GFX1-]: RenderCompositorSWGL failed mapping default framebuffer, no dt
[GFX1-]: RenderCompositorSWGL failed mapping default framebuffer, no dt
[GFX1-]: RenderCompositorSWGL failed mapping default framebuffer, no dt
[GFX1-]: RenderCompositorSWGL failed mapping default framebuffer, no dt
[GFX1-]: RenderCompositorSWGL failed mapping default framebuffer, no dt
[GFX1-]: RenderCompositorSWGL failed mapping default framebuffer, no dt
[GFX1-]: RenderCompositorSWGL failed mapping default framebuffer, no dt
[GFX1-]: RenderCompositorSWGL failed mapping default framebuffer, no dt
[GFX1-]: RenderCompositorSWGL failed mapping default framebuffer, no dt
[GFX1-]: RenderCompositorSWGL failed mapping default framebuffer, no dt
[GFX1-]: RenderCompositorSWGL failed mapping default framebuffer, no dt
[GFX1-]: RenderCompositorSWGL failed mapping default framebuffer, no dt
[GFX1-]: RenderCompositorSWGL failed mapping default framebuffer, no dt
[GFX1-]: RenderCompositorSWGL failed mapping default framebuffer, no dt
[GFX1-]: RenderCompositorSWGL failed mapping default framebuffer, no dt
[GFX1-]: RenderCompositorSWGL failed mapping default framebuffer, no dt
[GFX1-]: RenderCompositorSWGL failed mapping default framebuffer, no dt
[GFX1-]: RenderCompositorSWGL failed mapping default framebuffer, no dt
[GFX1-]: RenderCompositorSWGL failed mapping default framebuffer, no dt
[GFX1-]: RenderCompositorSWGL failed mapping default framebuffer, no dt
[GFX1-]: RenderCompositorSWGL failed mapping default framebuffer, no dt
[GFX1-]: RenderCompositorSWGL failed mapping default framebuffer, no dt
[GFX1-]: RenderCompositorSWGL failed mapping default framebuffer, no dt
[GFX1-]: RenderCompositorSWGL failed mapping default framebuffer, no dt
[GFX1-]: RenderCompositorSWGL failed mapping default framebuffer, no dt
[GFX1-]: RenderCompositorSWGL failed mapping default framebuffer, no dt
[GFX1-]: RenderCompositorSWGL failed mapping default framebuffer, no dt
[GFX1-]: RenderCompositorSWGL failed mapping default framebuffer, no dt
[GFX1-]: RenderCompositorSWGL failed mapping default framebuffer, no dt
[GFX1-]: RenderCompositorSWGL failed mapping default framebuffer, no dt
[GFX1-]: RenderCompositorSWGL failed mapping default framebuffer, no dt
[GFX1-]: RenderCompositorSWGL failed mapping default framebuffer, no dt
[GFX1-]: RenderCompositorSWGL failed mapping default framebuffer, no dt
[GFX1-]: RenderCompositorSWGL failed mapping default framebuffer, no dt
[GFX1-]: RenderCompositorSWGL failed mapping default framebuffer, no dt
[GFX1-]: RenderCompositorSWGL failed mapping default framebuffer, no dt
[GFX1-]: RenderCompositorSWGL failed mapping default framebuffer, no dt
[GFX1-]: RenderCompositorSWGL failed mapping default framebuffer, no dt
[GFX1-]: RenderCompositorSWGL failed mapping default framebuffer, no dt
[GFX1-]: RenderCompositorSWGL failed mapping default framebuffer, no dt
[GFX1-]: RenderCompositorSWGL failed mapping default framebuffer, no dt
[GFX1-]: RenderCompositorSWGL failed mapping default framebuffer, no dt
[GFX1-]: RenderCompositorSWGL failed mapping default framebuffer, no dt
[GFX1-]: RenderCompositorSWGL failed mapping default framebuffer, no dt
[GFX1-]: RenderCompositorSWGL failed mapping default framebuffer, no dt
[GFX1-]: RenderCompositorSWGL failed mapping default framebuffer, no dt
[GFX1-]: RenderCompositorSWGL failed mapping default framebuffer, no dt
[GFX1-]: RenderCompositorSWGL failed mapping default framebuffer, no dt
[GFX1-]: RenderCompositorSWGL failed mapping default framebuffer, no dt
[GFX1-]: RenderCompositorSWGL failed mapping default framebuffer, no dt
[GFX1-]: RenderCompositorSWGL failed mapping default framebuffer, no dt
[GFX1-]: RenderCompositorSWGL failed mapping default framebuffer, no dt
[GFX1-]: RenderCompositorSWGL failed mapping default framebuffer, no dt
[GFX1-]: RenderCompositorSWGL failed mapping default framebuffer, no dt
[GFX1-]: RenderCompositorSWGL failed mapping default framebuffer, no dt
[GFX1-]: RenderCompositorSWGL failed mapping default framebuffer, no dt
[GFX1-]: RenderCompositorSWGL failed mapping default framebuffer, no dt
[GFX1-]: RenderCompositorSWGL failed mapping default framebuffer, no dt
[GFX1-]: RenderCompositorSWGL failed mapping default framebuffer, no dt
[GFX1-]: RenderCompositorSWGL failed mapping default framebuffer, no dt
[GFX1-]: RenderCompositorSWGL failed mapping default framebuffer, no dt
[GFX1-]: RenderCompositorSWGL failed mapping default framebuffer, no dt
[GFX1-]: RenderCompositorSWGL failed mapping default framebuffer, no dt
[GFX1-]: RenderCompositorSWGL failed mapping default framebuffer, no dt
[GFX1-]: RenderCompositorSWGL failed mapping default framebuffer, no dt
[GFX1-]: RenderCompositorSWGL failed mapping default framebuffer, no dt
[GFX1-]: RenderCompositorSWGL failed mapping default framebuffer, no dt
[GFX1-]: RenderCompositorSWGL failed mapping default framebuffer, no dt
[GFX1-]: RenderCompositorSWGL failed mapping default framebuffer, no dt
[GFX1-]: RenderCompositorSWGL failed mapping default framebuffer, no dt
[GFX1-]: RenderCompositorSWGL failed mapping default framebuffer, no dt
[GFX1-]: RenderCompositorSWGL failed mapping default framebuffer, no dt
[GFX1-]: RenderCompositorSWGL failed mapping default framebuffer, no dt
[GFX1-]: RenderCompositorSWGL failed mapping default framebuffer, no dt
[GFX1-]: RenderCompositorSWGL failed mapping default framebuffer, no dt
[GFX1-]: RenderCompositorSWGL failed mapping default framebuffer, no dt
[GFX1-]: RenderCompositorSWGL failed mapping default framebuffer, no dt
[GFX1-]: RenderCompositorSWGL failed mapping default framebuffer, no dt
[GFX1-]: RenderCompositorSWGL failed mapping default framebuffer, no dt
[GFX1-]: RenderCompositorSWGL failed mapping default framebuffer, no dt
[GFX1-]: RenderCompositorSWGL failed mapping default framebuffer, no dt
[GFX1-]: RenderCompositorSWGL failed mapping default framebuffer, no dt
[GFX1-]: RenderCompositorSWGL failed mapping default framebuffer, no dt
[GFX1-]: RenderCompositorSWGL failed mapping default framebuffer, no dt
[GFX1-]: RenderCompositorSWGL failed mapping default framebuffer, no dt
[GFX1-]: RenderCompositorSWGL failed mapping default framebuffer, no dt
[GFX1-]: RenderCompositorSWGL failed mapping default framebuffer, no dt
[GFX1-]: RenderCompositorSWGL failed mapping default framebuffer, no dt
[GFX1-]: RenderCompositorSWGL failed mapping default framebuffer, no dt
[GFX1-]: RenderCompositorSWGL failed mapping default framebuffer, no dt
[GFX1-]: RenderCompositorSWGL failed mapping default framebuffer, no dt
[GFX1-]: RenderCompositorSWGL failed mapping default framebuffer, no dt
[GFX1-]: RenderCompositorSWGL failed mapping default framebuffer, no dt
[GFX1-]: RenderCompositorSWGL failed mapping default framebuffer, no dt
[GFX1-]: RenderCompositorSWGL failed mapping default framebuffer, no dt
[GFX1-]: RenderCompositorSWGL failed mapping default framebuffer, no dt
[GFX1-]: RenderCompositorSWGL failed mapping default framebuffer, no dt
[GFX1-]: RenderCompositorSWGL failed mapping default framebuffer, no dt
[GFX1-]: RenderCompositorSWGL failed mapping default framebuffer, no dt
[GFX1-]: RenderCompositorSWGL failed mapping default framebuffer, no dt
[GFX1-]: RenderCompositorSWGL failed mapping default framebuffer, no dt
[GFX1-]: RenderCompositorSWGL failed mapping default framebuffer, no dt
[GFX1-]: RenderCompositorSWGL failed mapping default framebuffer, no dt
[GFX1-]: RenderCompositorSWGL failed mapping default framebuffer, no dt
[GFX1-]: RenderCompositorSWGL failed mapping default framebuffer, no dt
[GFX1-]: RenderCompositorSWGL failed mapping default framebuffer, no dt
[GFX1-]: RenderCompositorSWGL failed mapping default framebuffer, no dt
[GFX1-]: RenderCompositorSWGL failed mapping default framebuffer, no dt
[GFX1-]: RenderCompositorSWGL failed mapping default framebuffer, no dt
[GFX1-]: RenderCompositorSWGL failed mapping default framebuffer, no dt
[GFX1-]: RenderCompositorSWGL failed mapping default framebuffer, no dt
[GFX1-]: RenderCompositorSWGL failed mapping default framebuffer, no dt
[GFX1-]: RenderCompositorSWGL failed mapping default framebuffer, no dt
[GFX1-]: RenderCompositorSWGL failed mapping default framebuffer, no dt
[GFX1-]: RenderCompositorSWGL failed mapping default framebuffer, no dt
[GFX1-]: RenderCompositorSWGL failed mapping default framebuffer, no dt
[GFX1-]: RenderCompositorSWGL failed mapping default framebuffer, no dt
[GFX1-]: RenderCompositorSWGL failed mapping default framebuffer, no dt
[GFX1-]: RenderCompositorSWGL failed mapping default framebuffer, no dt
[GFX1-]: RenderCompositorSWGL failed mapping default framebuffer, no dt
[GFX1-]: RenderCompositorSWGL failed mapping default framebuffer, no dt
[GFX1-]: RenderCompositorSWGL failed mapping default framebuffer, no dt
[GFX1-]: RenderCompositorSWGL failed mapping default framebuffer, no dt
[GFX1-]: RenderCompositorSWGL failed mapping default framebuffer, no dt
[GFX1-]: RenderCompositorSWGL failed mapping default framebuffer, no dt
[GFX1-]: RenderCompositorSWGL failed mapping default framebuffer, no dt
[GFX1-]: RenderCompositorSWGL failed mapping default framebuffer, no dt
[GFX1-]: RenderCompositorSWGL failed mapping default framebuffer, no dt
[GFX1-]: RenderCompositorSWGL failed mapping default framebuffer, no dt
[GFX1-]: RenderCompositorSWGL failed mapping default framebuffer, no dt
[GFX1-]: RenderCompositorSWGL failed mapping default framebuffer, no dt
[GFX1-]: RenderCompositorSWGL failed mapping default framebuffer, no dt
[GFX1-]: RenderCompositorSWGL failed mapping default framebuffer, no dt
[GFX1-]: RenderCompositorSWGL failed mapping default framebuffer, no dt
[GFX1-]: RenderCompositorSWGL failed mapping default framebuffer, no dt
[GFX1-]: RenderCompositorSWGL failed mapping default framebuffer, no dt
[GFX1-]: RenderCompositorSWGL failed mapping default framebuffer, no dt
[GFX1-]: RenderCompositorSWGL failed mapping default framebuffer, no dt
[GFX1-]: RenderCompositorSWGL failed mapping default framebuffer, no dt
[GFX1-]: RenderCompositorSWGL failed mapping default framebuffer, no dt
[GFX1-]: RenderCompositorSWGL failed mapping default framebuffer, no dt
[GFX1-]: RenderCompositorSWGL failed mapping default framebuffer, no dt
[GFX1-]: RenderCompositorSWGL failed mapping default framebuffer, no dt
[GFX1-]: RenderCompositorSWGL failed mapping default framebuffer, no dt
[GFX1-]: RenderCompositorSWGL failed mapping default framebuffer, no dt
[GFX1-]: RenderCompositorSWGL failed mapping default framebuffer, no dt
[GFX1-]: RenderCompositorSWGL failed mapping default framebuffer, no dt
[GFX1-]: RenderCompositorSWGL failed mapping default framebuffer, no dt
[GFX1-]: RenderCompositorSWGL failed mapping default framebuffer, no dt
[GFX1-]: RenderCompositorSWGL failed mapping default framebuffer, no dt
[GFX1-]: RenderCompositorSWGL failed mapping default framebuffer, no dt
[GFX1-]: RenderCompositorSWGL failed mapping default framebuffer, no dt
[GFX1-]: RenderCompositorSWGL failed mapping default framebuffer, no dt
[GFX1-]: RenderCompositorSWGL failed mapping default framebuffer, no dt
[GFX1-]: RenderCompositorSWGL failed mapping default framebuffer, no dt
[GFX1-]: RenderCompositorSWGL failed mapping default framebuffer, no dt
[GFX1-]: RenderCompositorSWGL failed mapping default framebuffer, no dt
[GFX1-]: RenderCompositorSWGL failed mapping default framebuffer, no dt
[GFX1-]: RenderCompositorSWGL failed mapping default framebuffer, no dt
[GFX1-]: RenderCompositorSWGL failed mapping default framebuffer, no dt
[GFX1-]: RenderCompositorSWGL failed mapping default framebuffer, no dt
[GFX1-]: RenderCompositorSWGL failed mapping default framebuffer, no dt
[GFX1-]: RenderCompositorSWGL failed mapping default framebuffer, no dt
[GFX1-]: RenderCompositorSWGL failed mapping default framebuffer, no dt
[GFX1-]: RenderCompositorSWGL failed mapping default framebuffer, no dt
[GFX1-]: RenderCompositorSWGL failed mapping default framebuffer, no dt
[GFX1-]: RenderCompositorSWGL failed mapping default framebuffer, no dt
[GFX1-]: RenderCompositorSWGL failed mapping default framebuffer, no dt
[GFX1-]: RenderCompositorSWGL failed mapping default framebuffer, no dt
[GFX1-]: RenderCompositorSWGL failed mapping default framebuffer, no dt
[GFX1-]: RenderCompositorSWGL failed mapping default framebuffer, no dt
[GFX1-]: RenderCompositorSWGL failed mapping default framebuffer, no dt
[GFX1-]: RenderCompositorSWGL failed mapping default framebuffer, no dt
[GFX1-]: RenderCompositorSWGL failed mapping default framebuffer, no dt
[GFX1-]: RenderCompositorSWGL failed mapping default framebuffer, no dt
[GFX1-]: RenderCompositorSWGL failed mapping default framebuffer, no dt
[GFX1-]: RenderCompositorSWGL failed mapping default framebuffer, no dt
[GFX1-]: RenderCompositorSWGL failed mapping default framebuffer, no dt
[GFX1-]: RenderCompositorSWGL failed mapping default framebuffer, no dt
[GFX1-]: RenderCompositorSWGL failed mapping default framebuffer, no dt
[GFX1-]: RenderCompositorSWGL failed mapping default framebuffer, no dt
[GFX1-]: RenderCompositorSWGL failed mapping default framebuffer, no dt
[GFX1-]: RenderCompositorSWGL failed mapping default framebuffer, no dt
[GFX1-]: RenderCompositorSWGL failed mapping default framebuffer, no dt
[GFX1-]: RenderCompositorSWGL failed mapping default framebuffer, no dt
[GFX1-]: RenderCompositorSWGL failed mapping default framebuffer, no dt
[GFX1-]: RenderCompositorSWGL failed mapping default framebuffer, no dt
[GFX1-]: RenderCompositorSWGL failed mapping default framebuffer, no dt
[GFX1-]: RenderCompositorSWGL failed mapping default framebuffer, no dt
[GFX1-]: RenderCompositorSWGL failed mapping default framebuffer, no dt
[GFX1-]: RenderCompositorSWGL failed mapping default framebuffer, no dt
[GFX1-]: RenderCompositorSWGL failed mapping default framebuffer, no dt
[GFX1-]: RenderCompositorSWGL failed mapping default framebuffer, no dt
[GFX1-]: RenderCompositorSWGL failed mapping default framebuffer, no dt
[GFX1-]: RenderCompositorSWGL failed mapping default framebuffer, no dt
[GFX1-]: RenderCompositorSWGL failed mapping default framebuffer, no dt
[GFX1-]: RenderCompositorSWGL failed mapping default framebuffer, no dt
[GFX1-]: RenderCompositorSWGL failed mapping default framebuffer, no dt
[GFX1-]: RenderCompositorSWGL failed mapping default framebuffer, no dt
[GFX1-]: RenderCompositorSWGL failed mapping default framebuffer, no dt
[GFX1-]: RenderCompositorSWGL failed mapping default framebuffer, no dt
[GFX1-]: RenderCompositorSWGL failed mapping default framebuffer, no dt
[GFX1-]: RenderCompositorSWGL failed mapping default framebuffer, no dt
[GFX1-]: RenderCompositorSWGL failed mapping default framebuffer, no dt
[GFX1-]: RenderCompositorSWGL failed mapping default framebuffer, no dt
[GFX1-]: RenderCompositorSWGL failed mapping default framebuffer, no dt
[GFX1-]: RenderCompositorSWGL failed mapping default framebuffer, no dt
[GFX1-]: RenderCompositorSWGL failed mapping default framebuffer, no dt
[GFX1-]: RenderCompositorSWGL failed mapping default framebuffer, no dt
[GFX1-]: RenderCompositorSWGL failed mapping default framebuffer, no dt
[GFX1-]: RenderCompositorSWGL failed mapping default framebuffer, no dt
[GFX1-]: RenderCompositorSWGL failed mapping default framebuffer, no dt
[GFX1-]: RenderCompositorSWGL failed mapping default framebuffer, no dt
[GFX1-]: RenderCompositorSWGL failed mapping default framebuffer, no dt
[GFX1-]: RenderCompositorSWGL failed mapping default framebuffer, no dt
[GFX1-]: RenderCompositorSWGL failed mapping default framebuffer, no dt
[GFX1-]: RenderCompositorSWGL failed mapping default framebuffer, no dt
[GFX1-]: RenderCompositorSWGL failed mapping default framebuffer, no dt
[GFX1-]: RenderCompositorSWGL failed mapping default framebuffer, no dt
[GFX1-]: RenderCompositorSWGL failed mapping default framebuffer, no dt
[GFX1-]: RenderCompositorSWGL failed mapping default framebuffer, no dt
[GFX1-]: RenderCompositorSWGL failed mapping default framebuffer, no dt
[GFX1-]: RenderCompositorSWGL failed mapping default framebuffer, no dt
[GFX1-]: RenderCompositorSWGL failed mapping default framebuffer, no dt
[GFX1-]: RenderCompositorSWGL failed mapping default framebuffer, no dt
[GFX1-]: RenderCompositorSWGL failed mapping default framebuffer, no dt
[GFX1-]: RenderCompositorSWGL failed mapping default framebuffer, no dt
[GFX1-]: RenderCompositorSWGL failed mapping default framebuffer, no dt
[GFX1-]: RenderCompositorSWGL failed mapping default framebuffer, no dt
[GFX1-]: RenderCompositorSWGL failed mapping default framebuffer, no dt
[GFX1-]: RenderCompositorSWGL failed mapping default framebuffer, no dt
[GFX1-]: RenderCompositorSWGL failed mapping default framebuffer, no dt
[GFX1-]: RenderCompositorSWGL failed mapping default framebuffer, no dt
[GFX1-]: RenderCompositorSWGL failed mapping default framebuffer, no dt
[GFX1-]: RenderCompositorSWGL failed mapping default framebuffer, no dt
[GFX1-]: RenderCompositorSWGL failed mapping default framebuffer, no dt
[GFX1-]: RenderCompositorSWGL failed mapping default framebuffer, no dt
[GFX1-]: RenderCompositorSWGL failed mapping default framebuffer, no dt
[GFX1-]: RenderCompositorSWGL failed mapping default framebuffer, no dt
[GFX1-]: RenderCompositorSWGL failed mapping default framebuffer, no dt
[GFX1-]: RenderCompositorSWGL failed mapping default framebuffer, no dt
[GFX1-]: RenderCompositorSWGL failed mapping default framebuffer, no dt
[GFX1-]: RenderCompositorSWGL failed mapping default framebuffer, no dt
[GFX1-]: RenderCompositorSWGL failed mapping default framebuffer, no dt
[GFX1-]: RenderCompositorSWGL failed mapping default framebuffer, no dt
[GFX1-]: RenderCompositorSWGL failed mapping default framebuffer, no dt
[GFX1-]: RenderCompositorSWGL failed mapping default framebuffer, no dt
[GFX1-]: RenderCompositorSWGL failed mapping default framebuffer, no dt
[GFX1-]: RenderCompositorSWGL failed mapping default framebuffer, no dt
[GFX1-]: RenderCompositorSWGL failed mapping default framebuffer, no dt
[GFX1-]: RenderCompositorSWGL failed mapping default framebuffer, no dt
[GFX1-]: RenderCompositorSWGL failed mapping default framebuffer, no dt
[GFX1-]: RenderCompositorSWGL failed mapping default framebuffer, no dt
[GFX1-]: RenderCompositorSWGL failed mapping default framebuffer, no dt
[GFX1-]: RenderCompositorSWGL failed mapping default framebuffer, no dt
[GFX1-]: RenderCompositorSWGL failed mapping default framebuffer, no dt
[GFX1-]: RenderCompositorSWGL failed mapping default framebuffer, no dt
[GFX1-]: RenderCompositorSWGL failed mapping default framebuffer, no dt
[GFX1-]: RenderCompositorSWGL failed mapping default framebuffer, no dt
[GFX1-]: RenderCompositorSWGL failed mapping default framebuffer, no dt
[GFX1-]: RenderCompositorSWGL failed mapping default framebuffer, no dt
[GFX1-]: RenderCompositorSWGL failed mapping default framebuffer, no dt
[GFX1-]: RenderCompositorSWGL failed mapping default framebuffer, no dt
[GFX1-]: RenderCompositorSWGL failed mapping default framebuffer, no dt
[GFX1-]: RenderCompositorSWGL failed mapping default framebuffer, no dt
[GFX1-]: RenderCompositorSWGL failed mapping default framebuffer, no dt
[GFX1-]: RenderCompositorSWGL failed mapping default framebuffer, no dt
[GFX1-]: RenderCompositorSWGL failed mapping default framebuffer, no dt
[GFX1-]: RenderCompositorSWGL failed mapping default framebuffer, no dt
[GFX1-]: RenderCompositorSWGL failed mapping default framebuffer, no dt
[GFX1-]: RenderCompositorSWGL failed mapping default framebuffer, no dt
[GFX1-]: RenderCompositorSWGL failed mapping default framebuffer, no dt
[GFX1-]: RenderCompositorSWGL failed mapping default framebuffer, no dt
[GFX1-]: RenderCompositorSWGL failed mapping default framebuffer, no dt
[GFX1-]: RenderCompositorSWGL failed mapping default framebuffer, no dt
[GFX1-]: RenderCompositorSWGL failed mapping default framebuffer, no dt
[GFX1-]: RenderCompositorSWGL failed mapping default framebuffer, no dt
[GFX1-]: RenderCompositorSWGL failed mapping default framebuffer, no dt
[GFX1-]: RenderCompositorSWGL failed mapping default framebuffer, no dt
[GFX1-]: RenderCompositorSWGL failed mapping default framebuffer, no dt
[GFX1-]: RenderCompositorSWGL failed mapping default framebuffer, no dt
[GFX1-]: RenderCompositorSWGL failed mapping default framebuffer, no dt
[GFX1-]: RenderCompositorSWGL failed mapping default framebuffer, no dt
[GFX1-]: RenderCompositorSWGL failed mapping default framebuffer, no dt
[GFX1-]: RenderCompositorSWGL failed mapping default framebuffer, no dt
[GFX1-]: RenderCompositorSWGL failed mapping default framebuffer, no dt
[GFX1-]: RenderCompositorSWGL failed mapping default framebuffer, no dt
[GFX1-]: RenderCompositorSWGL failed mapping default framebuffer, no dt
[GFX1-]: RenderCompositorSWGL failed mapping default framebuffer, no dt
[GFX1-]: RenderCompositorSWGL failed mapping default framebuffer, no dt
[GFX1-]: RenderCompositorSWGL failed mapping default framebuffer, no dt
[GFX1-]: RenderCompositorSWGL failed mapping default framebuffer, no dt
[GFX1-]: RenderCompositorSWGL failed mapping default framebuffer, no dt
[GFX1-]: RenderCompositorSWGL failed mapping default framebuffer, no dt
[GFX1-]: RenderCompositorSWGL failed mapping default framebuffer, no dt
[GFX1-]: RenderCompositorSWGL failed mapping default framebuffer, no dt
[GFX1-]: RenderCompositorSWGL failed mapping default framebuffer, no dt
[GFX1-]: RenderCompositorSWGL failed mapping default framebuffer, no dt
[GFX1-]: RenderCompositorSWGL failed mapping default framebuffer, no dt
[GFX1-]: RenderCompositorSWGL failed mapping default framebuffer, no dt
[GFX1-]: RenderCompositorSWGL failed mapping default framebuffer, no dt
[GFX1-]: RenderCompositorSWGL failed mapping default framebuffer, no dt
[GFX1-]: RenderCompositorSWGL failed mapping default framebuffer, no dt
[GFX1-]: RenderCompositorSWGL failed mapping default framebuffer, no dt
[GFX1-]: RenderCompositorSWGL failed mapping default framebuffer, no dt
[GFX1-]: RenderCompositorSWGL failed mapping default framebuffer, no dt
[GFX1-]: RenderCompositorSWGL failed mapping default framebuffer, no dt
[GFX1-]: RenderCompositorSWGL failed mapping default framebuffer, no dt
[GFX1-]: RenderCompositorSWGL failed mapping default framebuffer, no dt
[GFX1-]: RenderCompositorSWGL failed mapping default framebuffer, no dt
[GFX1-]: RenderCompositorSWGL failed mapping default framebuffer, no dt
[GFX1-]: RenderCompositorSWGL failed mapping default framebuffer, no dt
[GFX1-]: RenderCompositorSWGL failed mapping default framebuffer, no dt
[GFX1-]: RenderCompositorSWGL failed mapping default framebuffer, no dt
[GFX1-]: RenderCompositorSWGL failed mapping default framebuffer, no dt
[GFX1-]: RenderCompositorSWGL failed mapping default framebuffer, no dt
[GFX1-]: RenderCompositorSWGL failed mapping default framebuffer, no dt
[GFX1-]: RenderCompositorSWGL failed mapping default framebuffer, no dt
[GFX1-]: RenderCompositorSWGL failed mapping default framebuffer, no dt
1623246089442	Marionette	INFO	Stopped listening on port 44095

###!!! [Child][RunMessage] Error: Channel closing: too late to send/recv, messages will be lost


###!!! [Child][RunMessage] Error: Channel closing: too late to send/recv, messages will be lost


###!!! [Child][RunMessage] Error: Channel closing: too late to send/recv, messages will be lost


###!!! [Child][RunMessage] Error: Channel closing: too late to send/recv, messages will be lost

[GFX1-]: RenderCompositorSWGL failed mapping default framebuffer, no dt
